 2020-12-08 12:30:51,699 - DEBUG - user_name : nakamurakoyo
 2020-12-08 12:30:51,700 - DEBUG - current dir : /Users/nakamurakoyo/Desktop
 2020-12-08 12:30:51,700 - INFO - searching /Users/nakamurakoyo/Desktop ...
 2020-12-08 12:30:51,701 - INFO - searching /Users/nakamurakoyo/Desktop/misaki_ttf_2019-10-19 ...
 2020-12-08 12:30:51,702 - INFO - searching /Users/nakamurakoyo/Desktop/furimaの素材 ...
 2020-12-08 12:30:51,702 - INFO - searching /Users/nakamurakoyo/Desktop/furimaの素材/views ...
 2020-12-08 12:30:51,702 - INFO - searching /Users/nakamurakoyo/Desktop/furimaの素材/views/orders ...
 2020-12-08 12:30:51,702 - INFO - searching /Users/nakamurakoyo/Desktop/furimaの素材/stylesheets ...
 2020-12-08 12:30:51,703 - INFO - searching /Users/nakamurakoyo/Desktop/furimaの素材/stylesheets/orders ...
 2020-12-08 12:30:51,703 - INFO - searching /Users/nakamurakoyo/Desktop/htmlサンプルコード周 ...
 2020-12-08 12:30:51,703 - INFO - searching /Users/nakamurakoyo/Desktop/jfdotfont-20150527 ...
 2020-12-08 12:30:51,704 - INFO - searching /Users/nakamurakoyo/Desktop/jfdotfont-20150527/doc ...
 2020-12-08 12:30:51,705 - INFO - searching /Users/nakamurakoyo/Desktop/AWS関係 ...
 2020-12-08 12:30:51,705 - INFO - searching /Users/nakamurakoyo/Desktop/カテル採用内定通知書 ...
 2020-12-08 12:30:51,705 - INFO - the number of large files : 0
 2020-12-08 12:30:51,705 - DEBUG - user_name : nakamurakoyo
 2020-12-08 12:30:51,705 - DEBUG - current dir : /Users/nakamurakoyo/Documents
 2020-12-08 12:30:51,705 - INFO - searching /Users/nakamurakoyo/Documents ...
 2020-12-08 12:30:51,706 - INFO - searching /Users/nakamurakoyo/Documents/Zoom ...
 2020-12-08 12:30:51,706 - INFO - the number of large files : 0
 2020-12-08 12:30:51,706 - DEBUG - user_name : nakamurakoyo
 2020-12-08 12:30:51,706 - DEBUG - current dir : /Users/nakamurakoyo/Downloads
 2020-12-08 12:30:51,706 - INFO - searching /Users/nakamurakoyo/Downloads ...
 2020-12-08 12:30:51,722 - INFO - searching /Users/nakamurakoyo/Downloads/RemoveNortonMacFiles ...
 2020-12-08 12:30:51,723 - INFO - searching /Users/nakamurakoyo/Downloads/images ...
 2020-12-08 12:30:51,724 - INFO - searching /Users/nakamurakoyo/Downloads/example ...
 2020-12-08 12:30:51,724 - INFO - searching /Users/nakamurakoyo/Downloads/example/cats ...
 2020-12-08 12:30:51,725 - INFO - searching /Users/nakamurakoyo/Downloads/Install Norton 360.localized ...
 2020-12-08 12:30:51,726 - INFO - searching /Users/nakamurakoyo/Downloads/Install Norton 360.localized/.localized ...
 2020-12-08 12:30:51,726 - INFO - searching /Users/nakamurakoyo/Downloads/Install Norton 360.localized/.fsd ...
 2020-12-08 12:30:51,727 - INFO - searching /Users/nakamurakoyo/Downloads/Install Norton 360.localized/Install Norton 360.app ...
 2020-12-08 12:30:51,727 - INFO - searching /Users/nakamurakoyo/Downloads/Install Norton 360.localized/Install Norton 360.app/Contents ...
 2020-12-08 12:30:51,727 - INFO - searching /Users/nakamurakoyo/Downloads/Install Norton 360.localized/Install Norton 360.app/Contents/_CodeSignature ...
 2020-12-08 12:30:51,727 - INFO - searching /Users/nakamurakoyo/Downloads/Install Norton 360.localized/Install Norton 360.app/Contents/MacOS ...
 2020-12-08 12:30:51,728 - INFO - searching /Users/nakamurakoyo/Downloads/Install Norton 360.localized/Install Norton 360.app/Contents/Resources ...
 2020-12-08 12:30:51,739 - INFO - searching /Users/nakamurakoyo/Downloads/Install Norton 360.localized/Install Norton 360.app/Contents/Resources/de.lproj ...
 2020-12-08 12:30:51,740 - INFO - searching /Users/nakamurakoyo/Downloads/Install Norton 360.localized/Install Norton 360.app/Contents/Resources/el.lproj ...
 2020-12-08 12:30:51,740 - INFO - searching /Users/nakamurakoyo/Downloads/Install Norton 360.localized/Install Norton 360.app/Contents/Resources/ja.lproj ...
 2020-12-08 12:30:51,741 - INFO - searching /Users/nakamurakoyo/Downloads/Install Norton 360.localized/Install Norton 360.app/Contents/Resources/en.lproj ...
 2020-12-08 12:30:51,741 - INFO - searching /Users/nakamurakoyo/Downloads/Install Norton 360.localized/Install Norton 360.app/Contents/Resources/zh_CN.lproj ...
 2020-12-08 12:30:51,742 - INFO - searching /Users/nakamurakoyo/Downloads/Install Norton 360.localized/Install Norton 360.app/Contents/Resources/es.lproj ...
 2020-12-08 12:30:51,742 - INFO - searching /Users/nakamurakoyo/Downloads/Install Norton 360.localized/Install Norton 360.app/Contents/Resources/is.lproj ...
 2020-12-08 12:30:51,743 - INFO - searching /Users/nakamurakoyo/Downloads/Install Norton 360.localized/Install Norton 360.app/Contents/Resources/pt_BR.lproj ...
 2020-12-08 12:30:51,743 - INFO - searching /Users/nakamurakoyo/Downloads/Install Norton 360.localized/Install Norton 360.app/Contents/Resources/da.lproj ...
 2020-12-08 12:30:51,744 - INFO - searching /Users/nakamurakoyo/Downloads/Install Norton 360.localized/Install Norton 360.app/Contents/Resources/gl.lproj ...
 2020-12-08 12:30:51,744 - INFO - searching /Users/nakamurakoyo/Downloads/Install Norton 360.localized/Install Norton 360.app/Contents/Resources/it.lproj ...
 2020-12-08 12:30:51,745 - INFO - searching /Users/nakamurakoyo/Downloads/Install Norton 360.localized/Install Norton 360.app/Contents/Resources/sk.lproj ...
 2020-12-08 12:30:51,745 - INFO - searching /Users/nakamurakoyo/Downloads/Install Norton 360.localized/Install Norton 360.app/Contents/Resources/pt_PT.lproj ...
 2020-12-08 12:30:51,745 - INFO - searching /Users/nakamurakoyo/Downloads/Install Norton 360.localized/Install Norton 360.app/Contents/Resources/sv.lproj ...
 2020-12-08 12:30:51,746 - INFO - searching /Users/nakamurakoyo/Downloads/Install Norton 360.localized/Install Norton 360.app/Contents/Resources/cs.lproj ...
 2020-12-08 12:30:51,746 - INFO - searching /Users/nakamurakoyo/Downloads/Install Norton 360.localized/Install Norton 360.app/Contents/Resources/ko.lproj ...
 2020-12-08 12:30:51,746 - INFO - searching /Users/nakamurakoyo/Downloads/Install Norton 360.localized/Install Norton 360.app/Contents/Resources/Mock_de.lproj ...
 2020-12-08 12:30:51,747 - INFO - searching /Users/nakamurakoyo/Downloads/Install Norton 360.localized/Install Norton 360.app/Contents/Resources/Base.lproj ...
 2020-12-08 12:30:51,749 - INFO - searching /Users/nakamurakoyo/Downloads/Install Norton 360.localized/Install Norton 360.app/Contents/Resources/no.lproj ...
 2020-12-08 12:30:51,749 - INFO - searching /Users/nakamurakoyo/Downloads/Install Norton 360.localized/Install Norton 360.app/Contents/Resources/hu.lproj ...
 2020-12-08 12:30:51,749 - INFO - searching /Users/nakamurakoyo/Downloads/Install Norton 360.localized/Install Norton 360.app/Contents/Resources/tr.lproj ...
 2020-12-08 12:30:51,750 - INFO - searching /Users/nakamurakoyo/Downloads/Install Norton 360.localized/Install Norton 360.app/Contents/Resources/pl.lproj ...
 2020-12-08 12:30:51,750 - INFO - searching /Users/nakamurakoyo/Downloads/Install Norton 360.localized/Install Norton 360.app/Contents/Resources/zh_TW.lproj ...
 2020-12-08 12:30:51,751 - INFO - searching /Users/nakamurakoyo/Downloads/Install Norton 360.localized/Install Norton 360.app/Contents/Resources/SymSupportFolder ...
 2020-12-08 12:30:51,751 - INFO - searching /Users/nakamurakoyo/Downloads/Install Norton 360.localized/Install Norton 360.app/Contents/Resources/ru.lproj ...
 2020-12-08 12:30:51,751 - INFO - searching /Users/nakamurakoyo/Downloads/Install Norton 360.localized/Install Norton 360.app/Contents/Resources/Mock.lproj ...
 2020-12-08 12:30:51,752 - INFO - searching /Users/nakamurakoyo/Downloads/Install Norton 360.localized/Install Norton 360.app/Contents/Resources/Mock_fr.lproj ...
 2020-12-08 12:30:51,752 - INFO - searching /Users/nakamurakoyo/Downloads/Install Norton 360.localized/Install Norton 360.app/Contents/Resources/fr.lproj ...
 2020-12-08 12:30:51,753 - INFO - searching /Users/nakamurakoyo/Downloads/Install Norton 360.localized/Install Norton 360.app/Contents/Resources/fi.lproj ...
 2020-12-08 12:30:51,753 - INFO - searching /Users/nakamurakoyo/Downloads/Install Norton 360.localized/Install Norton 360.app/Contents/Resources/nl.lproj ...
 2020-12-08 12:30:51,754 - INFO - searching /Users/nakamurakoyo/Downloads/Install Norton 360.localized/Install Norton 360.app/Contents/Resources/pt.lproj ...
 2020-12-08 12:30:51,754 - INFO - searching /Users/nakamurakoyo/Downloads/Install Norton 360.localized/Install Norton 360.app/Contents/Resources/ro.lproj ...
 2020-12-08 12:30:51,754 - INFO - searching /Users/nakamurakoyo/Downloads/Install Norton 360.localized/Install Norton 360.app/Contents/Resources/fo.lproj ...
 2020-12-08 12:30:51,755 - INFO - searching /Users/nakamurakoyo/Downloads/Install Norton 360.localized/Install Norton 360.app/Contents/Library ...
 2020-12-08 12:30:51,755 - INFO - searching /Users/nakamurakoyo/Downloads/Install Norton 360.localized/Install Norton 360.app/Contents/Library/LaunchServices ...
 2020-12-08 12:30:51,756 - INFO - searching /Users/nakamurakoyo/Downloads/images 3 ...
 2020-12-08 12:30:51,756 - INFO - searching /Users/nakamurakoyo/Downloads/chat-app ...
 2020-12-08 12:30:51,756 - INFO - searching /Users/nakamurakoyo/Downloads/images 2 ...
 2020-12-08 12:30:51,757 - INFO - searching /Users/nakamurakoyo/Downloads/output ...
 2020-12-08 12:30:51,758 - INFO - searching /Users/nakamurakoyo/Downloads/room-matarials ...
 2020-12-08 12:30:51,758 - INFO - searching /Users/nakamurakoyo/Downloads/room-matarials/rooms ...
 2020-12-08 12:30:51,758 - INFO - searching /Users/nakamurakoyo/Downloads/RemoveNortonMacFiles 2 ...
 2020-12-08 12:30:51,759 - INFO - searching /Users/nakamurakoyo/Downloads/Install Norton Security.localized ...
 2020-12-08 12:30:51,760 - INFO - searching /Users/nakamurakoyo/Downloads/Install Norton Security.localized/.localized ...
 2020-12-08 12:30:51,760 - INFO - searching /Users/nakamurakoyo/Downloads/Install Norton Security.localized/.fsd ...
 2020-12-08 12:30:51,760 - INFO - searching /Users/nakamurakoyo/Downloads/Install Norton Security.localized/Install Norton Security.app ...
 2020-12-08 12:30:51,760 - INFO - searching /Users/nakamurakoyo/Downloads/Install Norton Security.localized/Install Norton Security.app/Contents ...
 2020-12-08 12:30:51,761 - INFO - searching /Users/nakamurakoyo/Downloads/Install Norton Security.localized/Install Norton Security.app/Contents/_CodeSignature ...
 2020-12-08 12:30:51,761 - INFO - searching /Users/nakamurakoyo/Downloads/Install Norton Security.localized/Install Norton Security.app/Contents/MacOS ...
 2020-12-08 12:30:51,761 - INFO - searching /Users/nakamurakoyo/Downloads/Install Norton Security.localized/Install Norton Security.app/Contents/Resources ...
 2020-12-08 12:30:51,771 - INFO - searching /Users/nakamurakoyo/Downloads/Install Norton Security.localized/Install Norton Security.app/Contents/Resources/de.lproj ...
 2020-12-08 12:30:51,771 - INFO - searching /Users/nakamurakoyo/Downloads/Install Norton Security.localized/Install Norton Security.app/Contents/Resources/el.lproj ...
 2020-12-08 12:30:51,772 - INFO - searching /Users/nakamurakoyo/Downloads/Install Norton Security.localized/Install Norton Security.app/Contents/Resources/ja.lproj ...
 2020-12-08 12:30:51,772 - INFO - searching /Users/nakamurakoyo/Downloads/Install Norton Security.localized/Install Norton Security.app/Contents/Resources/en.lproj ...
 2020-12-08 12:30:51,773 - INFO - searching /Users/nakamurakoyo/Downloads/Install Norton Security.localized/Install Norton Security.app/Contents/Resources/zh_CN.lproj ...
 2020-12-08 12:30:51,773 - INFO - searching /Users/nakamurakoyo/Downloads/Install Norton Security.localized/Install Norton Security.app/Contents/Resources/es.lproj ...
 2020-12-08 12:30:51,774 - INFO - searching /Users/nakamurakoyo/Downloads/Install Norton Security.localized/Install Norton Security.app/Contents/Resources/is.lproj ...
 2020-12-08 12:30:51,774 - INFO - searching /Users/nakamurakoyo/Downloads/Install Norton Security.localized/Install Norton Security.app/Contents/Resources/pt_BR.lproj ...
 2020-12-08 12:30:51,775 - INFO - searching /Users/nakamurakoyo/Downloads/Install Norton Security.localized/Install Norton Security.app/Contents/Resources/da.lproj ...
 2020-12-08 12:30:51,775 - INFO - searching /Users/nakamurakoyo/Downloads/Install Norton Security.localized/Install Norton Security.app/Contents/Resources/gl.lproj ...
 2020-12-08 12:30:51,776 - INFO - searching /Users/nakamurakoyo/Downloads/Install Norton Security.localized/Install Norton Security.app/Contents/Resources/it.lproj ...
 2020-12-08 12:30:51,776 - INFO - searching /Users/nakamurakoyo/Downloads/Install Norton Security.localized/Install Norton Security.app/Contents/Resources/sk.lproj ...
 2020-12-08 12:30:51,776 - INFO - searching /Users/nakamurakoyo/Downloads/Install Norton Security.localized/Install Norton Security.app/Contents/Resources/pt_PT.lproj ...
 2020-12-08 12:30:51,777 - INFO - searching /Users/nakamurakoyo/Downloads/Install Norton Security.localized/Install Norton Security.app/Contents/Resources/sv.lproj ...
 2020-12-08 12:30:51,777 - INFO - searching /Users/nakamurakoyo/Downloads/Install Norton Security.localized/Install Norton Security.app/Contents/Resources/cs.lproj ...
 2020-12-08 12:30:51,777 - INFO - searching /Users/nakamurakoyo/Downloads/Install Norton Security.localized/Install Norton Security.app/Contents/Resources/ko.lproj ...
 2020-12-08 12:30:51,778 - INFO - searching /Users/nakamurakoyo/Downloads/Install Norton Security.localized/Install Norton Security.app/Contents/Resources/Mock_de.lproj ...
 2020-12-08 12:30:51,778 - INFO - searching /Users/nakamurakoyo/Downloads/Install Norton Security.localized/Install Norton Security.app/Contents/Resources/Base.lproj ...
 2020-12-08 12:30:51,778 - INFO - searching /Users/nakamurakoyo/Downloads/Install Norton Security.localized/Install Norton Security.app/Contents/Resources/no.lproj ...
 2020-12-08 12:30:51,779 - INFO - searching /Users/nakamurakoyo/Downloads/Install Norton Security.localized/Install Norton Security.app/Contents/Resources/hu.lproj ...
 2020-12-08 12:30:51,779 - INFO - searching /Users/nakamurakoyo/Downloads/Install Norton Security.localized/Install Norton Security.app/Contents/Resources/tr.lproj ...
 2020-12-08 12:30:51,779 - INFO - searching /Users/nakamurakoyo/Downloads/Install Norton Security.localized/Install Norton Security.app/Contents/Resources/pl.lproj ...
 2020-12-08 12:30:51,780 - INFO - searching /Users/nakamurakoyo/Downloads/Install Norton Security.localized/Install Norton Security.app/Contents/Resources/zh_TW.lproj ...
 2020-12-08 12:30:51,780 - INFO - searching /Users/nakamurakoyo/Downloads/Install Norton Security.localized/Install Norton Security.app/Contents/Resources/SymSupportFolder ...
 2020-12-08 12:30:51,780 - INFO - searching /Users/nakamurakoyo/Downloads/Install Norton Security.localized/Install Norton Security.app/Contents/Resources/ru.lproj ...
 2020-12-08 12:30:51,781 - INFO - searching /Users/nakamurakoyo/Downloads/Install Norton Security.localized/Install Norton Security.app/Contents/Resources/Mock.lproj ...
 2020-12-08 12:30:51,781 - INFO - searching /Users/nakamurakoyo/Downloads/Install Norton Security.localized/Install Norton Security.app/Contents/Resources/Mock_fr.lproj ...
 2020-12-08 12:30:51,782 - INFO - searching /Users/nakamurakoyo/Downloads/Install Norton Security.localized/Install Norton Security.app/Contents/Resources/fr.lproj ...
 2020-12-08 12:30:51,783 - INFO - searching /Users/nakamurakoyo/Downloads/Install Norton Security.localized/Install Norton Security.app/Contents/Resources/fi.lproj ...
 2020-12-08 12:30:51,783 - INFO - searching /Users/nakamurakoyo/Downloads/Install Norton Security.localized/Install Norton Security.app/Contents/Resources/nl.lproj ...
 2020-12-08 12:30:51,783 - INFO - searching /Users/nakamurakoyo/Downloads/Install Norton Security.localized/Install Norton Security.app/Contents/Resources/pt.lproj ...
 2020-12-08 12:30:51,784 - INFO - searching /Users/nakamurakoyo/Downloads/Install Norton Security.localized/Install Norton Security.app/Contents/Resources/ro.lproj ...
 2020-12-08 12:30:51,784 - INFO - searching /Users/nakamurakoyo/Downloads/Install Norton Security.localized/Install Norton Security.app/Contents/Resources/fo.lproj ...
 2020-12-08 12:30:51,784 - INFO - searching /Users/nakamurakoyo/Downloads/Install Norton Security.localized/Install Norton Security.app/Contents/Library ...
 2020-12-08 12:30:51,785 - INFO - searching /Users/nakamurakoyo/Downloads/Install Norton Security.localized/Install Norton Security.app/Contents/Library/LaunchServices ...
 2020-12-08 12:30:51,785 - INFO - searching /Users/nakamurakoyo/Downloads/use-materials ...
 2020-12-08 12:30:51,786 - INFO - searching /Users/nakamurakoyo/Downloads/use-materials/devise ...
 2020-12-08 12:30:51,786 - INFO - searching /Users/nakamurakoyo/Downloads/use-materials/devise/shared ...
 2020-12-08 12:30:51,786 - INFO - searching /Users/nakamurakoyo/Downloads/use-materials/devise/sessions ...
 2020-12-08 12:30:51,786 - INFO - searching /Users/nakamurakoyo/Downloads/use-materials/devise/registrations ...
 2020-12-08 12:30:51,786 - INFO - searching /Users/nakamurakoyo/Downloads/use-materials/users ...
 2020-12-08 12:30:51,786 - INFO - the number of large files : 4
 2020-12-08 12:30:51,787 - DEBUG - user_name : nakamurakoyo
 2020-12-08 12:30:51,787 - DEBUG - current dir : /Users/nakamurakoyo/Movies
 2020-12-08 12:30:51,787 - INFO - searching /Users/nakamurakoyo/Movies ...
 2020-12-08 12:30:51,787 - INFO - searching /Users/nakamurakoyo/Movies/TV ...
 2020-12-08 12:30:51,787 - INFO - searching /Users/nakamurakoyo/Movies/TV/Media.localized ...
 2020-12-08 12:30:51,787 - INFO - searching /Users/nakamurakoyo/Movies/TV/Media.localized/.localized ...
 2020-12-08 12:30:51,787 - INFO - searching /Users/nakamurakoyo/Movies/TV/TV Library.tvlibrary ...
 2020-12-08 12:30:51,788 - INFO - the number of large files : 0
 2020-12-08 12:30:51,788 - DEBUG - user_name : nakamurakoyo
 2020-12-08 12:30:51,788 - DEBUG - current dir : /Users/nakamurakoyo/Music
 2020-12-08 12:30:51,788 - INFO - searching /Users/nakamurakoyo/Music ...
 2020-12-08 12:30:51,789 - INFO - searching /Users/nakamurakoyo/Music/Music ...
 2020-12-08 12:30:51,789 - INFO - searching /Users/nakamurakoyo/Music/Music/Media.localized ...
 2020-12-08 12:30:51,789 - INFO - searching /Users/nakamurakoyo/Music/Music/Media.localized/.localized ...
 2020-12-08 12:30:51,790 - INFO - searching /Users/nakamurakoyo/Music/Music/Media.localized/Unknown Artist ...
 2020-12-08 12:30:51,790 - INFO - searching /Users/nakamurakoyo/Music/Music/Media.localized/Unknown Artist/Unknown Album ...
 2020-12-08 12:30:51,791 - INFO - searching /Users/nakamurakoyo/Music/Music/Media.localized/Automatically Add to Music.localized ...
 2020-12-08 12:30:51,791 - INFO - searching /Users/nakamurakoyo/Music/Music/Media.localized/Automatically Add to Music.localized/.localized ...
 2020-12-08 12:30:51,791 - INFO - searching /Users/nakamurakoyo/Music/Music/Music Library.musiclibrary ...
 2020-12-08 12:30:51,792 - INFO - the number of large files : 0
 2020-12-08 12:30:51,792 - DEBUG - user_name : nakamurakoyo
 2020-12-08 12:30:51,792 - DEBUG - current dir : /Users/nakamurakoyo/Pictures
 2020-12-08 12:30:51,792 - INFO - searching /Users/nakamurakoyo/Pictures ...
 2020-12-08 12:30:51,792 - INFO - searching /Users/nakamurakoyo/Pictures/Photos Library.photoslibrary ...
 2020-12-08 12:30:51,792 - INFO - searching /Users/nakamurakoyo/Pictures/Photos Library.photoslibrary/database ...
 2020-12-08 12:30:51,792 - INFO - searching /Users/nakamurakoyo/Pictures/Photos Library.photoslibrary/database/search ...
 2020-12-08 12:30:51,792 - INFO - searching /Users/nakamurakoyo/Pictures/Photos Library.photoslibrary/database/.Photos_SUPPORT ...
 2020-12-08 12:30:51,793 - INFO - searching /Users/nakamurakoyo/Pictures/Photos Library.photoslibrary/database/.Photos_SUPPORT/_EXTERNAL_DATA ...
 2020-12-08 12:30:51,793 - INFO - searching /Users/nakamurakoyo/Pictures/Photos Library.photoslibrary/resources ...
 2020-12-08 12:30:51,793 - INFO - searching /Users/nakamurakoyo/Pictures/Photos Library.photoslibrary/resources/derivatives ...
 2020-12-08 12:30:51,793 - INFO - searching /Users/nakamurakoyo/Pictures/Photos Library.photoslibrary/resources/derivatives/thumbs ...
 2020-12-08 12:30:51,793 - INFO - searching /Users/nakamurakoyo/Pictures/Photos Library.photoslibrary/resources/derivatives/masters ...
 2020-12-08 12:30:51,793 - INFO - searching /Users/nakamurakoyo/Pictures/Photos Library.photoslibrary/resources/cloudsharing ...
 2020-12-08 12:30:51,793 - INFO - searching /Users/nakamurakoyo/Pictures/Photos Library.photoslibrary/resources/cloudsharing/data ...
 2020-12-08 12:30:51,793 - INFO - searching /Users/nakamurakoyo/Pictures/Photos Library.photoslibrary/resources/cloudsharing/data/INFLIGHT_JOBS ...
 2020-12-08 12:30:51,793 - INFO - searching /Users/nakamurakoyo/Pictures/Photos Library.photoslibrary/resources/cloudsharing/metadata ...
 2020-12-08 12:30:51,793 - INFO - searching /Users/nakamurakoyo/Pictures/Photos Library.photoslibrary/resources/cloudsharing/caches ...
 2020-12-08 12:30:51,794 - INFO - searching /Users/nakamurakoyo/Pictures/Photos Library.photoslibrary/resources/streams ...
 2020-12-08 12:30:51,794 - INFO - searching /Users/nakamurakoyo/Pictures/Photos Library.photoslibrary/resources/journals ...
 2020-12-08 12:30:51,794 - INFO - searching /Users/nakamurakoyo/Pictures/Photos Library.photoslibrary/resources/cpl ...
 2020-12-08 12:30:51,794 - INFO - searching /Users/nakamurakoyo/Pictures/Photos Library.photoslibrary/resources/cpl/cloudsync.noindex ...
 2020-12-08 12:30:51,794 - INFO - searching /Users/nakamurakoyo/Pictures/Photos Library.photoslibrary/resources/cpl/cloudsync.noindex/storage ...
 2020-12-08 12:30:51,794 - INFO - searching /Users/nakamurakoyo/Pictures/Photos Library.photoslibrary/resources/cpl/cloudsync.noindex/storage/filecache ...
 2020-12-08 12:30:51,794 - INFO - searching /Users/nakamurakoyo/Pictures/Photos Library.photoslibrary/resources/cpl/cloudsync.noindex/storage/tmp ...
 2020-12-08 12:30:51,795 - INFO - searching /Users/nakamurakoyo/Pictures/Photos Library.photoslibrary/originals ...
 2020-12-08 12:30:51,795 - INFO - searching /Users/nakamurakoyo/Pictures/Photos Library.photoslibrary/private ...
 2020-12-08 12:30:51,795 - INFO - searching /Users/nakamurakoyo/Pictures/Photos Library.photoslibrary/private/com.apple.CloudPhotosConfiguration ...
 2020-12-08 12:30:51,795 - INFO - searching /Users/nakamurakoyo/Pictures/Photos Library.photoslibrary/private/mbfloagent ...
 2020-12-08 12:30:51,795 - INFO - searching /Users/nakamurakoyo/Pictures/Photos Library.photoslibrary/private/com.apple.photolibraryd ...
 2020-12-08 12:30:51,795 - INFO - searching /Users/nakamurakoyo/Pictures/Photos Library.photoslibrary/private/com.apple.photolibraryd/caches ...
 2020-12-08 12:30:51,795 - INFO - searching /Users/nakamurakoyo/Pictures/Photos Library.photoslibrary/private/com.apple.photolibraryd/caches/variation ...
 2020-12-08 12:30:51,795 - INFO - searching /Users/nakamurakoyo/Pictures/Photos Library.photoslibrary/private/com.apple.photolibraryd/caches/clientservertransaction ...
 2020-12-08 12:30:51,795 - INFO - searching /Users/nakamurakoyo/Pictures/Photos Library.photoslibrary/private/com.apple.mediastream.mstreamd ...
 2020-12-08 12:30:51,796 - INFO - searching /Users/nakamurakoyo/Pictures/Photos Library.photoslibrary/private/com.apple.mbfloagent ...
 2020-12-08 12:30:51,796 - INFO - searching /Users/nakamurakoyo/Pictures/Photos Library.photoslibrary/private/com.apple.photoanalysisd ...
 2020-12-08 12:30:51,796 - INFO - searching /Users/nakamurakoyo/Pictures/Photos Library.photoslibrary/private/com.apple.photoanalysisd/caches ...
 2020-12-08 12:30:51,796 - INFO - searching /Users/nakamurakoyo/Pictures/Photos Library.photoslibrary/private/com.apple.photoanalysisd/caches/graph ...
 2020-12-08 12:30:51,796 - INFO - searching /Users/nakamurakoyo/Pictures/Photos Library.photoslibrary/private/com.apple.photoanalysisd/caches/graph/PhotosGraph ...
 2020-12-08 12:30:51,796 - INFO - searching /Users/nakamurakoyo/Pictures/Photos Library.photoslibrary/private/com.apple.photoanalysisd/caches/vision ...
 2020-12-08 12:30:51,797 - INFO - searching /Users/nakamurakoyo/Pictures/Photos Library.photoslibrary/private/com.apple.MediaLibraryService ...
 2020-12-08 12:30:51,797 - INFO - searching /Users/nakamurakoyo/Pictures/Photos Library.photoslibrary/private/com.apple.accountsd ...
 2020-12-08 12:30:51,797 - INFO - searching /Users/nakamurakoyo/Pictures/Photos Library.photoslibrary/private/com.apple.preference.desktopscreeneffect.desktop.remoteservice ...
 2020-12-08 12:30:51,797 - INFO - searching /Users/nakamurakoyo/Pictures/Photos Library.photoslibrary/private/com.apple.systempreferences ...
 2020-12-08 12:30:51,797 - INFO - searching /Users/nakamurakoyo/Pictures/Photos Library.photoslibrary/private/com.apple.mediaanalysisd ...
 2020-12-08 12:30:51,797 - INFO - searching /Users/nakamurakoyo/Pictures/Photos Library.photoslibrary/external ...
 2020-12-08 12:30:51,797 - INFO - searching /Users/nakamurakoyo/Pictures/Photos Library.photoslibrary/external/com.apple.CloudPhotosConfiguration ...
 2020-12-08 12:30:51,797 - INFO - searching /Users/nakamurakoyo/Pictures/Photos Library.photoslibrary/external/com.apple.mediastream.mstreamd ...
 2020-12-08 12:30:51,797 - INFO - searching /Users/nakamurakoyo/Pictures/Photos Library.photoslibrary/external/com.apple.mbfloagent ...
 2020-12-08 12:30:51,798 - INFO - searching /Users/nakamurakoyo/Pictures/Photos Library.photoslibrary/external/com.apple.photoanalysisd ...
 2020-12-08 12:30:51,798 - INFO - searching /Users/nakamurakoyo/Pictures/Photos Library.photoslibrary/external/com.apple.MediaLibraryService ...
 2020-12-08 12:30:51,798 - INFO - searching /Users/nakamurakoyo/Pictures/Photos Library.photoslibrary/external/com.apple.accountsd ...
 2020-12-08 12:30:51,798 - INFO - searching /Users/nakamurakoyo/Pictures/Photos Library.photoslibrary/external/com.apple.preference.desktopscreeneffect.desktop.remoteservice ...
 2020-12-08 12:30:51,798 - INFO - searching /Users/nakamurakoyo/Pictures/Photos Library.photoslibrary/external/com.apple.mediaanalysisd ...
 2020-12-08 12:30:51,798 - INFO - the number of large files : 0
 2020-12-08 12:30:51,798 - DEBUG - user_name : nakamurakoyo
 2020-12-08 12:30:51,798 - DEBUG - current dir : /Users/nakamurakoyo/Public
 2020-12-08 12:30:51,798 - INFO - searching /Users/nakamurakoyo/Public ...
 2020-12-08 12:30:51,798 - INFO - searching /Users/nakamurakoyo/Public/Drop Box ...
 2020-12-08 12:30:51,798 - INFO - the number of large files : 0
