 2020-12-07 12:03:39,976 - DEBUG - Starting new HTTPS connection (1): www.google.co.jp:443
 2020-12-07 12:03:40,549 - DEBUG - https://www.google.co.jp:443 "GET /search?q=a+b+c+ HTTP/1.1" 200 None
 2020-12-07 12:03:42,295 - DEBUG - a b c - Google 検索GoogleGoogle×数秒たってもリダイレクトされない場合は、ここをクリックしてください。    すべて地図動画ニュース 画像 ショッピング 書籍 検索ツール    すべての言語すべての言語日本語のページを検索期間指定なし期間指定なし 1 時間以内 24 時間以内 1 週間以内 1 か月以内 1 年以内すべての結果すべての結果完全一致靴屋神奈川県川崎市多摩区付近AABC-MART 新百合丘オーパ店 3.4  (38) 靴店 · 上麻生１丁目１−１21:00 まで営業BABC-MART フレルさぎ沼店 3.5  (35) 靴店 · 鷺沼１−１ フレルさぎ沼 3F21:00 まで営業CABC-MART マルイファミリー溝口店 3.6  (38) 靴店 · 溝口１丁目４ １8F20:00 まで営業さらに表示ABC-MARTオンラインストア-靴通販やスニーカー・シューズ情報www.abc-mart.net › shop靴の通信販売ならABCマートの公式通販サイトABC-MART.netへ。ABCマート限定販売のスニーカーや人気ブランドのシューズが購入できます！スニーカー以外にブーツにサンダル、ビジネスシューズやパンプスにキッズシューズもご用意し ...
レディース · メンズ · ナイキ｜NIKE · スニーカーABC Cooking Studio 東京を中心に全国展開している料理教室です ...www.abc-cooking.co.jpABCクッキングスタジオは東京を中心に全国約28万人が通う料理･パン･ケーキが学べる料理教室。男性の方も歓迎！明るく楽しい雰囲気の中で、基礎からしっかり学べます。豊富なメニュー、少人数制、HPや携帯からの予約、全国フリー通学 ...
会員サイトへログイン · Abc health labo · ABC Cooking Studio×生産者 · 1dayレッスンログイン | 料理教室・スクールならABCクッキングスタジオwww.abc-cooking.co.jp › login料理、パン、ケーキを楽しく学べるABCクッキングスタジオでは、女性限定の教室を中心に初心者の男性も通える東京・横浜・名古屋の教室や子どもも通える教室を全国に展開しています。高級な料理教室ではなく、気軽に通える便利で ...朝日放送テレビ 6チャンネル - Asahi Television Broadcasting ...www.asahi.co.jpジャンル一覧. 報道・情報 · バラエティ・音楽 · ドラマ・映画 · アニメ · 料理・旅 · スポーツ · 見逃し配信 · ABCとり放題 · アナウンサー · ショッピング · 映画・ 試写会 · イベント. 朝日放送テレビ公式SNS. Twitter · Facebook · 番組公式SNS 一覧 ...
ABCニュース · ABC 新キャラクター「エビシー」 · 番組表 · アナウンサーABC News – Breaking News, Latest News, Headlines & Videosabcnews.go.comYour trusted source for breaking news, analysis, exclusive interviews, headlines, and videos at ABCNews.com.関連キーワードabcマートabcクッキングabc-martabcクッキング ログインエービーシー・マート: IR 情報www.abc-mart.co.jp靴ブランド総合シューズショップ 『 ABC MART 』 を運営する会社のサイトです。Hawkins、VANS、NUOVO、会社概要や IR 情報を掲載しています。ABC-MART(エービーシー・マート) 楽天市場店www.rakuten.ne.jp › gold › abc-martABC-MART 楽天市場店 | 靴の大型オンライン通販!HAWKINS(ホーキンス)VANS( バンズ)等のブランドシューズ・ABC-MART限定販売のナイキ・アディダスまで常時400点以上の在庫.ABCラジオ―AM1008kHz・FM93.3MHz｜abc1008.comwww.abc1008.com大阪の民放ラジオ、AM1008kHz・FM93.3MHz ABCラジオのホームページです。 番組アーカイブが聞ける動画コンテンツもお届け中！ABCクッキングのオンラインストア | ABC Cooking MARKETmarket.abc-cooking.jpABCクッキングスタジオがプロデュースする材料・キッチンツールのオンラインストア.ABC - ウィキペディアja.wikipedia.org › wiki › ABCABC（エービーシー）は、ラテン文字アルファベットの最初の3文字。物事を習得する際の初歩。アルファベットの最初の3文字であることから転じている。日本語における「いろは」の比喩的表現と同様である。関連キーワードabcラジオabcクッキング 1dayabcクッキング 講師abcクッキング オンラインabcマート セールabcクッキング レシピabcクッキング 体験abcクッキング メニュー  次へ >  ログイン設定プライバシー規約 
 2020-12-07 12:54:24,861 - DEBUG - Starting new HTTPS connection (1): www.google.co.jp:443
 2020-12-07 12:54:25,423 - DEBUG - https://www.google.co.jp:443 "GET /search?q=web%E3%82%B9%E3%82%AF%E3%83%AC%E3%82%A4%E3%83%94%E3%83%B3%E3%82%B0 HTTP/1.1" 200 None
 2020-12-07 12:59:33,685 - DEBUG - params : {'q': 'webスクレイピング'}
 2020-12-07 12:59:33,697 - DEBUG - Starting new HTTPS connection (1): www.google.co.jp:443
 2020-12-07 12:59:33,985 - DEBUG - https://www.google.co.jp:443 "GET /search?q=web%E3%82%B9%E3%82%AF%E3%83%AC%E3%82%A4%E3%83%94%E3%83%B3%E3%82%B0 HTTP/1.1" 200 None
 2020-12-07 13:03:53,934 - DEBUG - params : {'q': 'webスクレイピング'}
 2020-12-07 13:03:53,972 - DEBUG - Starting new HTTPS connection (1): www.google.co.jp:443
 2020-12-07 13:03:54,235 - DEBUG - https://www.google.co.jp:443 "GET /search?q=web%E3%82%B9%E3%82%AF%E3%83%AC%E3%82%A4%E3%83%94%E3%83%B3%E3%82%B0 HTTP/1.1" 200 None
 2020-12-07 13:03:54,749 - DEBUG - the number of links  : 0
 2020-12-07 13:05:28,501 - DEBUG - params : {'q': 'webスクレイピング'}
 2020-12-07 13:05:28,541 - DEBUG - Starting new HTTPS connection (1): www.google.co.jp:443
 2020-12-07 13:05:29,967 - DEBUG - https://www.google.co.jp:443 "GET /search?q=web%E3%82%B9%E3%82%AF%E3%83%AC%E3%82%A4%E3%83%94%E3%83%B3%E3%82%B0 HTTP/1.1" 200 None
 2020-12-07 13:05:30,866 - DEBUG - res info : <Response [200]>
 2020-12-07 13:05:30,902 - DEBUG - the number of links  : 0
 2020-12-07 13:07:03,603 - DEBUG - params : {'q': 'webスクレイピング'}
 2020-12-07 13:07:03,613 - DEBUG - Starting new HTTPS connection (1): www.google.co.jp:443
 2020-12-07 13:07:05,227 - DEBUG - https://www.google.co.jp:443 "GET /search?q=web%E3%82%B9%E3%82%AF%E3%83%AC%E3%82%A4%E3%83%94%E3%83%B3%E3%82%B0 HTTP/1.1" 200 None
 2020-12-07 13:07:05,902 - DEBUG - res info : <!doctype html><html lang="ja"><head><meta charset="UTF-8"><meta content="/images/brandin
 2020-12-07 13:07:05,928 - DEBUG - the number of links  : 0
 2020-12-07 13:10:09,948 - DEBUG - params : {'q': 'webスクレイピング'}
 2020-12-07 13:10:09,958 - DEBUG - Starting new HTTPS connection (1): www.google.co.jp:443
 2020-12-07 13:10:10,782 - DEBUG - https://www.google.co.jp:443 "GET /search?q=web%E3%82%B9%E3%82%AF%E3%83%AC%E3%82%A4%E3%83%94%E3%83%B3%E3%82%B0 HTTP/1.1" 200 None
 2020-12-07 13:10:11,230 - DEBUG - res info : <!doctype html><html lang="ja"><head><meta charset="UTF-8"><meta content="/images/branding/googleg/1
 2020-12-07 13:10:11,255 - DEBUG - the number of links  : 0
 2020-12-07 13:10:40,930 - DEBUG - params : {'q': 'webスクレイピング'}
 2020-12-07 13:10:40,936 - DEBUG - Starting new HTTPS connection (1): www.google.co.jp:443
 2020-12-07 13:10:42,413 - DEBUG - https://www.google.co.jp:443 "GET /search?q=web%E3%82%B9%E3%82%AF%E3%83%AC%E3%82%A4%E3%83%94%E3%83%B3%E3%82%B0 HTTP/1.1" 200 None
 2020-12-07 13:10:43,325 - DEBUG - res info : https://www.google.co.jp/search?q=web%E3%82%B9%E3%82%AF%E3%83%AC%E3%82%A4%E3%83%94%E3%83%B3%E3%82%B0
 2020-12-07 13:10:43,354 - DEBUG - the number of links  : 0
 2020-12-07 13:12:32,814 - DEBUG - params : {'q': 'webスクレイピング'}
 2020-12-07 13:12:32,823 - DEBUG - Starting new HTTPS connection (1): www.google.co.jp:443
 2020-12-07 13:12:33,082 - DEBUG - https://www.google.co.jp:443 "GET /search?q=web%E3%82%B9%E3%82%AF%E3%83%AC%E3%82%A4%E3%83%94%E3%83%B3%E3%82%B0 HTTP/1.1" 200 None
 2020-12-07 13:12:33,571 - DEBUG - res info : https://www.google.co.jp/search?q=web%E3%82%B9%E3%82%AF%E3%83%AC%E3%82%A4%E3%83%94%E3%83%B3%E3%82%B0
 2020-12-07 13:12:33,599 - DEBUG - res text : webスクレイピング - Google 検索GoogleGoogle×数秒たってもリダイレクトされない場合は、ここをクリックしてください。    すべて動画画像ニュース 地図 ショッピング 書籍 検索
 2020-12-07 13:12:33,605 - DEBUG - the number of links  : 0
 2020-12-07 13:13:05,035 - DEBUG - params : {'q': 'webスクレイピング'}
 2020-12-07 13:13:05,042 - DEBUG - Starting new HTTPS connection (1): www.google.co.jp:443
 2020-12-07 13:13:05,812 - DEBUG - https://www.google.co.jp:443 "GET /search?q=web%E3%82%B9%E3%82%AF%E3%83%AC%E3%82%A4%E3%83%94%E3%83%B3%E3%82%B0 HTTP/1.1" 200 None
 2020-12-07 13:13:06,159 - DEBUG - res info : https://www.google.co.jp/search?q=web%E3%82%B9%E3%82%AF%E3%83%AC%E3%82%A4%E3%83%94%E3%83%B3%E3%82%B0
 2020-12-07 13:13:06,182 - DEBUG - res text : webスクレイピング - Google 検索GoogleGoogle×数秒たってもリダイレクトされない場合は、ここをクリックしてください。    すべて動画画像ニュース 地図 ショッピング 書籍 検索ツール    すべての言語すべての言語日本語のページを検索期間指定なし期間指定なし 1 時間以内 24 時間以内 1 週間以内 1 か月以内 1 年以内すべての結果すべての結果完全一致Webスクレイピング（Webデータ抽出、データスクレイピングとも呼ばれる）は、Webからデータを抽出し、Web上のデータをデータベースやスプレッドシートに格納・分析可能な構造化データへの変換するWeb技術です。 Webスクレイピング技術は、Webスクレーパー（Webクローラー）を構築するのによって実現されます。スクレイピングツール30選｜初心者でもWebデータを抽出できる ...www.octoparse.jp › blog › top-30-free-web-scraping-software強調スニペットについてWebスクレイピングとは？定義から応用までの説明 | Octoparsewww.octoparse.jp › blog › web-scrapingWebスクレイピングは、Webサイトから情報を抽出するコンピュータソフトウェア技術のことです。オンラインでの価格比較、気象データ監視、Web サイトの変更検出、研究、WebマッシュアップやWebデータの統合などさまざまな用途も ...ウェブスクレイピング - Wikipediaja.wikipedia.org › wiki › ウェブスクレイピングウェブスクレイピング（英: Web scraping）とは、ウェブサイトから情報を抽出するコンピュータソフトウェア技術のこと。ウェブ・クローラーあるいはウェブ・スパイダーとも呼ばれる。 通常このようなソフトウェアプログラムは低レベル ...
手法 · ボットを禁止するための ...データ収集を大幅に効率化する「スクレイピング」とは？ 手法や ...data.wingarc.com › 新着記事一覧 › データ活用2020/08/06 · 英単語のscraping（こすり、ひっかき）に由来し、特にWeb上から必要なデータを取得することをWebスクレイピングといいます。ツール・プログラミングで
 2020-12-07 13:13:06,188 - DEBUG - the number of links  : 0
 2020-12-07 13:16:53,987 - DEBUG - params : {'q': 'webスクレイピング'}
 2020-12-07 13:16:54,022 - DEBUG - Starting new HTTPS connection (1): www.google.co.jp:443
 2020-12-07 13:16:54,263 - DEBUG - https://www.google.co.jp:443 "GET /search?q=web%E3%82%B9%E3%82%AF%E3%83%AC%E3%82%A4%E3%83%94%E3%83%B3%E3%82%B0 HTTP/1.1" 200 None
 2020-12-07 13:16:54,727 - DEBUG - res info : https://www.google.co.jp/search?q=web%E3%82%B9%E3%82%AF%E3%83%AC%E3%82%A4%E3%83%94%E3%83%B3%E3%82%B0
 2020-12-07 13:16:54,754 - DEBUG - res text : webスクレイピング - Google 検索GoogleGoogle×数秒たってもリダイレクトされない場合は、ここをクリックしてください。    すべて動画画像ニュース 地図 ショッピング 書籍 検索ツール    すべての言語すべての言語日本語のページを検索期間指定なし期間指定なし 1 時間以内 24 時間以内 1 週間以内 1 か月以内 1 年以内すべての結果すべての結果完全一致Webスクレイピング（Webデータ抽出、データスクレイピングとも呼ばれる）は、Webからデータを抽出し、Web上のデータをデータベースやスプレッドシートに格納・分析可能な構造化データへの変換するWeb技術です。 Webスクレイピング技術は、Webスクレーパー（Webクローラー）を構築するのによって実現されます。スクレイピングツール30選｜初心者でもWebデータを抽出できる ...www.octoparse.jp › blog › top-30-free-web-scraping-software強調スニペットについてWebスクレイピングとは？定義から応用までの説明 | Octoparsewww.octoparse.jp › blog › web-scrapingWebスクレイピングは、Webサイトから情報を抽出するコンピュータソフトウェア技術のことです。オンラインでの価格比較、気象データ監視、Web サイトの変更検出、研究、WebマッシュアップやWebデータの統合などさまざまな用途も ...ウェブスクレイピング - Wikipediaja.wikipedia.org › wiki › ウェブスクレイピングウェブスクレイピング（英: Web scraping）とは、ウェブサイトから情報を抽出するコンピュータソフトウェア技術のこと。ウェブ・クローラーあるいはウェブ・スパイダーとも呼ばれる。 通常このようなソフトウェアプログラムは低レベル ...
手法 · ボットを禁止するための ...データ収集を大幅に効率化する「スクレイピング」とは？ 手法や ...data.wingarc.com › 新着記事一覧 › データ活用2020/08/06 · 英単語のscraping（こすり、ひっかき）に由来し、特にWeb上から必要なデータを取得することをWebスクレイピングといいます。ツール・プログラミングで
 2020-12-07 13:16:54,760 - DEBUG - the number of links  : 0
 2020-12-07 13:17:11,394 - DEBUG - params : {'q': 'webスクレイピング'}
 2020-12-07 13:17:11,401 - DEBUG - Starting new HTTPS connection (1): www.google.co.jp:443
 2020-12-07 13:17:11,633 - DEBUG - https://www.google.co.jp:443 "GET /search?q=web%E3%82%B9%E3%82%AF%E3%83%AC%E3%82%A4%E3%83%94%E3%83%B3%E3%82%B0 HTTP/1.1" 200 None
 2020-12-07 13:17:12,015 - DEBUG - res info : https://www.google.co.jp/search?q=web%E3%82%B9%E3%82%AF%E3%83%AC%E3%82%A4%E3%83%94%E3%83%B3%E3%82%B0
 2020-12-07 13:17:12,038 - DEBUG - res text : webスクレイピング - Google 検索GoogleGoogle×数秒たってもリダイレクトされない場合は、ここをクリックしてください。    すべて動画画像ニュース 地図 ショッピング 書籍 検索ツール    すべての言語すべての言語日本語のページを検索期間指定なし期間指定なし 1 時間以内 24 時間以内 1 週間以内 1 か月以内 1 年以内すべての結果すべての結果完全一致Webスクレイピング（Webデータ抽出、データスクレイピングとも呼ばれる）は、Webからデータを抽出し、Web上のデータをデータベースやスプレッドシートに格納・分析可能な構造化データへの変換するWeb技術です。 Webスクレイピング技術は、Webスクレーパー（Webクローラー）を構築するのによって実現されます。スクレイピングツール30選｜初心者でもWebデータを抽出できる ...www.octoparse.jp › blog › top-30-free-web-scraping-software強調スニペットについてWebスクレイピングとは？定義から応用までの説明 | Octoparsewww.octoparse.jp › blog › web-scrapingWebスクレイピングは、Webサイトから情報を抽出するコンピュータソフトウェア技術のことです。オンラインでの価格比較、気象データ監視、Web サイトの変更検出、研究、WebマッシュアップやWebデータの統合などさまざまな用途も ...ウェブスクレイピング - Wikipediaja.wikipedia.org › wiki › ウェブスクレイピングウェブスクレイピング（英: Web scraping）とは、ウェブサイトから情報を抽出するコンピュータソフトウェア技術のこと。ウェブ・クローラーあるいはウェブ・スパイダーとも呼ばれる。 通常このようなソフトウェアプログラムは低レベル ...
手法 · ボットを禁止するための ...データ収集を大幅に効率化する「スクレイピング」とは？ 手法や ...data.wingarc.com › 新着記事一覧 › データ活用2020/08/06 · 英単語のscraping（こすり、ひっかき）に由来し、特にWeb上から必要なデータを取得することをWebスクレイピングといいます。ツール・プログラミングで
 2020-12-07 13:17:12,042 - DEBUG - the number of links  : 58
 2020-12-07 13:17:50,610 - DEBUG - params : {'q': 'webスクレイピング'}
 2020-12-07 13:17:50,619 - DEBUG - Starting new HTTPS connection (1): www.google.co.jp:443
 2020-12-07 13:17:50,870 - DEBUG - https://www.google.co.jp:443 "GET /search?q=web%E3%82%B9%E3%82%AF%E3%83%AC%E3%82%A4%E3%83%94%E3%83%B3%E3%82%B0 HTTP/1.1" 200 None
 2020-12-07 13:17:51,257 - DEBUG - res info : https://www.google.co.jp/search?q=web%E3%82%B9%E3%82%AF%E3%83%AC%E3%82%A4%E3%83%94%E3%83%B3%E3%82%B0
 2020-12-07 13:17:51,284 - DEBUG - res text : webスクレイピング - Google 検索GoogleGoogle×数秒たってもリダイレクトされない場合は、ここをクリックしてください。    すべて動画画像ニュース 地図 ショッピング 書籍 検索ツール    すべての言語すべての言語日本語のページを検索期間指定なし期間指定なし 1 時間以内 24 時間以内 1 週間以内 1 か月以内 1 年以内すべての結果すべての結果完全一致Webスクレイピング（Webデータ抽出、データスクレイピングとも呼ばれる）は、Webからデータを抽出し、Web上のデータをデータベースやスプレッドシートに格納・分析可能な構造化データへの変換するWeb技術です。 Webスクレイピング技術は、Webスクレーパー（Webクローラー）を構築するのによって実現されます。スクレイピングツール30選｜初心者でもWebデータを抽出できる ...www.octoparse.jp › blog › top-30-free-web-scraping-software強調スニペットについてWebスクレイピングとは？定義から応用までの説明 | Octoparsewww.octoparse.jp › blog › web-scrapingWebスクレイピングは、Webサイトから情報を抽出するコンピュータソフトウェア技術のことです。オンラインでの価格比較、気象データ監視、Web サイトの変更検出、研究、WebマッシュアップやWebデータの統合などさまざまな用途も ...ウェブスクレイピング - Wikipediaja.wikipedia.org › wiki › ウェブスクレイピングウェブスクレイピング（英: Web scraping）とは、ウェブサイトから情報を抽出するコンピュータソフトウェア技術のこと。ウェブ・クローラーあるいはウェブ・スパイダーとも呼ばれる。 通常このようなソフトウェアプログラムは低レベル ...
手法 · ボットを禁止するための ...データ収集を大幅に効率化する「スクレイピング」とは？ 手法や ...data.wingarc.com › 新着記事一覧 › データ活用2020/08/06 · 英単語のscraping（こすり、ひっかき）に由来し、特にWeb上から必要なデータを取得することをWebスクレイピングといいます。ツール・プログラミングで
 2020-12-07 13:17:51,290 - DEBUG - the number of links  : 0
 2020-12-07 13:18:43,641 - DEBUG - params : {'q': 'webスクレイピング'}
 2020-12-07 13:18:43,648 - DEBUG - Starting new HTTPS connection (1): www.google.co.jp:443
 2020-12-07 13:18:43,911 - DEBUG - https://www.google.co.jp:443 "GET /search?q=web%E3%82%B9%E3%82%AF%E3%83%AC%E3%82%A4%E3%83%94%E3%83%B3%E3%82%B0 HTTP/1.1" 200 None
 2020-12-07 13:18:44,335 - DEBUG - res info : https://www.google.co.jp/search?q=web%E3%82%B9%E3%82%AF%E3%83%AC%E3%82%A4%E3%83%94%E3%83%B3%E3%82%B0
 2020-12-07 13:18:44,358 - DEBUG - res text : webスクレイピング - Google 検索GoogleGoogle×数秒たってもリダイレクトされない場合は、ここをクリックしてください。    すべて動画画像ニュース 地図 ショッピング 書籍 検索ツール    すべての言語すべての言語日本語のページを検索期間指定なし期間指定なし 1 時間以内 24 時間以内 1 週間以内 1 か月以内 1 年以内すべての結果すべての結果完全一致Webスクレイピング（Webデータ抽出、データスクレイピングとも呼ばれる）は、Webからデータを抽出し、Web上のデータをデータベースやスプレッドシートに格納・分析可能な構造化データへの変換するWeb技術です。 Webスクレイピング技術は、Webスクレーパー（Webクローラー）を構築するのによって実現されます。スクレイピングツール30選｜初心者でもWebデータを抽出できる ...www.octoparse.jp › blog › top-30-free-web-scraping-software強調スニペットについてWebスクレイピングとは？定義から応用までの説明 | Octoparsewww.octoparse.jp › blog › web-scrapingWebスクレイピングは、Webサイトから情報を抽出するコンピュータソフトウェア技術のことです。オンラインでの価格比較、気象データ監視、Web サイトの変更検出、研究、WebマッシュアップやWebデータの統合などさまざまな用途も ...ウェブスクレイピング - Wikipediaja.wikipedia.org › wiki › ウェブスクレイピングウェブスクレイピング（英: Web scraping）とは、ウェブサイトから情報を抽出するコンピュータソフトウェア技術のこと。ウェブ・クローラーあるいはウェブ・スパイダーとも呼ばれる。 通常このようなソフトウェアプログラムは低レベル ...
手法 · ボットを禁止するための ...データ収集を大幅に効率化する「スクレイピング」とは？ 手法や ...data.wingarc.com › 新着記事一覧 › データ活用2020/08/06 · 英単語のscraping（こすり、ひっかき）に由来し、特にWeb上から必要なデータを取得することをWebスクレイピングといいます。ツール・プログラミングで
 2020-12-07 13:18:44,364 - DEBUG - the number of links  : 0
 2020-12-07 13:19:10,399 - DEBUG - params : {'q': 'webスクレイピング'}
 2020-12-07 13:19:10,405 - DEBUG - Starting new HTTPS connection (1): www.google.co.jp:443
 2020-12-07 13:19:10,634 - DEBUG - https://www.google.co.jp:443 "GET /search?q=web%E3%82%B9%E3%82%AF%E3%83%AC%E3%82%A4%E3%83%94%E3%83%B3%E3%82%B0 HTTP/1.1" 200 None
 2020-12-07 13:19:11,092 - DEBUG - res info : https://www.google.co.jp/search?q=web%E3%82%B9%E3%82%AF%E3%83%AC%E3%82%A4%E3%83%94%E3%83%B3%E3%82%B0
 2020-12-07 13:19:11,113 - DEBUG - res text : webスクレイピング - Google 検索GoogleGoogle×数秒たってもリダイレクトされない場合は、ここをクリックしてください。    すべて動画画像ニュース 地図 ショッピング 書籍 検索ツール    すべての言語すべての言語日本語のページを検索期間指定なし期間指定なし 1 時間以内 24 時間以内 1 週間以内 1 か月以内 1 年以内すべての結果すべての結果完全一致Webスクレイピング（Webデータ抽出、データスクレイピングとも呼ばれる）は、Webからデータを抽出し、Web上のデータをデータベースやスプレッドシートに格納・分析可能な構造化データへの変換するWeb技術です。 Webスクレイピング技術は、Webスクレーパー（Webクローラー）を構築するのによって実現されます。スクレイピングツール30選｜初心者でもWebデータを抽出できる ...www.octoparse.jp › blog › top-30-free-web-scraping-software強調スニペットについてWebスクレイピングとは？定義から応用までの説明 | Octoparsewww.octoparse.jp › blog › web-scrapingWebスクレイピングは、Webサイトから情報を抽出するコンピュータソフトウェア技術のことです。オンラインでの価格比較、気象データ監視、Web サイトの変更検出、研究、WebマッシュアップやWebデータの統合などさまざまな用途も ...ウェブスクレイピング - Wikipediaja.wikipedia.org › wiki › ウェブスクレイピングウェブスクレイピング（英: Web scraping）とは、ウェブサイトから情報を抽出するコンピュータソフトウェア技術のこと。ウェブ・クローラーあるいはウェブ・スパイダーとも呼ばれる。 通常このようなソフトウェアプログラムは低レベル ...
手法 · ボットを禁止するための ...データ収集を大幅に効率化する「スクレイピング」とは？ 手法や ...data.wingarc.com › 新着記事一覧 › データ活用2020/08/06 · 英単語のscraping（こすり、ひっかき）に由来し、特にWeb上から必要なデータを取得することをWebスクレイピングといいます。ツール・プログラミングで
 2020-12-07 13:19:11,118 - DEBUG - the number of links  : 0
 2020-12-07 13:27:31,006 - DEBUG - params : {'q': 'webスクレイピング'}
 2020-12-07 13:27:31,044 - DEBUG - Starting new HTTPS connection (1): www.google.co.jp:443
 2020-12-07 13:27:31,267 - DEBUG - https://www.google.co.jp:443 "GET /search?q=web%E3%82%B9%E3%82%AF%E3%83%AC%E3%82%A4%E3%83%94%E3%83%B3%E3%82%B0 HTTP/1.1" 200 None
 2020-12-07 13:27:31,664 - DEBUG - res info : https://www.google.co.jp/search?q=web%E3%82%B9%E3%82%AF%E3%83%AC%E3%82%A4%E3%83%94%E3%83%B3%E3%82%B0
 2020-12-07 13:27:31,693 - DEBUG - res text : webスクレイピング - Google 検索GoogleGoogle×数秒たってもリダイレクトされない場合は、ここをクリックしてください。    すべて動画画像ニュース 地図 ショッピング 書籍 検索ツール    すべての言語すべての言語日本語のページを検索期間指定なし期間指定なし 1 時間以内 24 時間以内 1 週間以内 1 か月以内 1 年以内すべての結果すべての結果完全一致Webスクレイピング（Webデータ抽出、データスクレイピングとも呼ばれる）は、Webからデータを抽出し、Web上のデータをデータベースやスプレッドシートに格納・分析可能な構造化データへの変換するWeb技術です。 Webスクレイピング技術は、Webスクレーパー（Webクローラー）を構築するのによって実現されます。スクレイピングツール30選｜初心者でもWebデータを抽出できる ...www.octoparse.jp › blog › top-30-free-web-scraping-software強調スニペットについてWebスクレイピングとは？定義から応用までの説明 | Octoparsewww.octoparse.jp › blog › web-scrapingWebスクレイピングは、Webサイトから情報を抽出するコンピュータソフトウェア技術のことです。オンラインでの価格比較、気象データ監視、Web サイトの変更検出、研究、WebマッシュアップやWebデータの統合などさまざまな用途も ...ウェブスクレイピング - Wikipediaja.wikipedia.org › wiki › ウェブスクレイピングウェブスクレイピング（英: Web scraping）とは、ウェブサイトから情報を抽出するコンピュータソフトウェア技術のこと。ウェブ・クローラーあるいはウェブ・スパイダーとも呼ばれる。 通常このようなソフトウェアプログラムは低レベル ...
手法 · ボットを禁止するための ...データ収集を大幅に効率化する「スクレイピング」とは？ 手法や ...data.wingarc.com › 新着記事一覧 › データ活用2020/08/06 · 英単語のscraping（こすり、ひっかき）に由来し、特にWeb上から必要なデータを取得することをWebスクレイピングといいます。ツール・プログラミングで
 2020-12-07 13:27:31,699 - DEBUG - the number of links  : 0
 2020-12-07 13:28:51,465 - DEBUG - params : {'q': 'webスクレイピング'}
 2020-12-07 13:28:51,499 - DEBUG - Starting new HTTPS connection (1): www.google.co.jp:443
 2020-12-07 13:28:51,827 - DEBUG - https://www.google.co.jp:443 "GET /search?q=web%E3%82%B9%E3%82%AF%E3%83%AC%E3%82%A4%E3%83%94%E3%83%B3%E3%82%B0 HTTP/1.1" 200 None
 2020-12-07 13:28:52,211 - DEBUG - res info : https://www.google.co.jp/search?q=web%E3%82%B9%E3%82%AF%E3%83%AC%E3%82%A4%E3%83%94%E3%83%B3%E3%82%B0
 2020-12-07 13:28:52,242 - DEBUG - res text : webスクレイピング - Google 検索GoogleGoogle×数秒たってもリダイレクトされない場合は、ここをクリックしてください。    すべて動画画像ニュース 地図 ショッピング 書籍 検索ツール    すべての言語すべての言語日本語のページを検索期間指定なし期間指定なし 1 時間以内 24 時間以内 1 週間以内 1 か月以内 1 年以内すべての結果すべての結果完全一致Webスクレイピング（Webデータ抽出、データスクレイピングとも呼ばれる）は、Webからデータを抽出し、Web上のデータをデータベースやスプレッドシートに格納・分析可能な構造化データへの変換するWeb技術です。 Webスクレイピング技術は、Webスクレーパー（Webクローラー）を構築するのによって実現されます。スクレイピングツール30選｜初心者でもWebデータを抽出できる ...www.octoparse.jp › blog › top-30-free-web-scraping-software強調スニペットについてWebスクレイピングとは？定義から応用までの説明 | Octoparsewww.octoparse.jp › blog › web-scrapingWebスクレイピングは、Webサイトから情報を抽出するコンピュータソフトウェア技術のことです。オンラインでの価格比較、気象データ監視、Web サイトの変更検出、研究、WebマッシュアップやWebデータの統合などさまざまな用途も ...ウェブスクレイピング - Wikipediaja.wikipedia.org › wiki › ウェブスクレイピングウェブスクレイピング（英: Web scraping）とは、ウェブサイトから情報を抽出するコンピュータソフトウェア技術のこと。ウェブ・クローラーあるいはウェブ・スパイダーとも呼ばれる。 通常このようなソフトウェアプログラムは低レベル ...
手法 · ボットを禁止するための ...データ収集を大幅に効率化する「スクレイピング」とは？ 手法や ...data.wingarc.com › 新着記事一覧 › データ活用2020/08/06 · 英単語のscraping（こすり、ひっかき）に由来し、特にWeb上から必要なデータを取得することをWebスクレイピングといいます。ツール・プログラミングで
 2020-12-07 13:28:52,247 - DEBUG - the number of links  : 0
 2020-12-07 13:30:15,148 - DEBUG - params : {'q': 'webスクレイピング'}
 2020-12-07 13:30:15,296 - DEBUG - Starting new HTTPS connection (1): www.google.co.jp:443
 2020-12-07 13:30:15,673 - DEBUG - https://www.google.co.jp:443 "GET /search?q=web%E3%82%B9%E3%82%AF%E3%83%AC%E3%82%A4%E3%83%94%E3%83%B3%E3%82%B0 HTTP/1.1" 200 None
 2020-12-07 13:30:16,122 - DEBUG - res info : https://www.google.co.jp/search?q=web%E3%82%B9%E3%82%AF%E3%83%AC%E3%82%A4%E3%83%94%E3%83%B3%E3%82%B0
 2020-12-07 13:35:38,642 - DEBUG - params : {'q': 'webスクレイピング'}
 2020-12-07 13:35:38,806 - DEBUG - Starting new HTTPS connection (1): www.google.co.jp:443
 2020-12-07 13:35:39,152 - DEBUG - https://www.google.co.jp:443 "GET /search?q=web%E3%82%B9%E3%82%AF%E3%83%AC%E3%82%A4%E3%83%94%E3%83%B3%E3%82%B0 HTTP/1.1" 200 None
 2020-12-07 13:35:39,599 - DEBUG - res info : https://www.google.co.jp/search?q=web%E3%82%B9%E3%82%AF%E3%83%AC%E3%82%A4%E3%83%94%E3%83%B3%E3%82%B0
 2020-12-07 13:35:39,626 - DEBUG - res text : webスクレイピング - Google 検索GoogleGoogle×数秒たってもリダイレクトされない場合は、ここをクリックしてください。    すべて動画画像ニュース 地図 ショッピング 書籍 検索ツール    すべての言語すべての言語日本語のページを検索期間指定なし期間指定なし 1 時間以内 24 時間以内 1 週間以内 1 か月以内 1 年以内すべての結果すべての結果完全一致Webスクレイピング（Webデータ抽出、データスクレイピングとも呼ばれる）は、Webからデータを抽出し、Web上のデータをデータベースやスプレッドシートに格納・分析可能な構造化データへの変換するWeb技術です。 Webスクレイピング技術は、Webスクレーパー（Webクローラー）を構築するのによって実現されます。スクレイピングツール30選｜初心者でもWebデータを抽出できる ...www.octoparse.jp › blog › top-30-free-web-scraping-software強調スニペットについてWebスクレイピングとは？定義から応用までの説明 | Octoparsewww.octoparse.jp › blog › web-scrapingWebスクレイピングは、Webサイトから情報を抽出するコンピュータソフトウェア技術のことです。オンラインでの価格比較、気象データ監視、Web サイトの変更検出、研究、WebマッシュアップやWebデータの統合などさまざまな用途も ...ウェブスクレイピング - Wikipediaja.wikipedia.org › wiki › ウェブスクレイピングウェブスクレイピング（英: Web scraping）とは、ウェブサイトから情報を抽出するコンピュータソフトウェア技術のこと。ウェブ・クローラーあるいはウェブ・スパイダーとも呼ばれる。 通常このようなソフトウェアプログラムは低レベル ...
手法 · ボットを禁止するための ...データ収集を大幅に効率化する「スクレイピング」とは？ 手法や ...data.wingarc.com › 新着記事一覧 › データ活用2020/08/06 · 英単語のscraping（こすり、ひっかき）に由来し、特にWeb上から必要なデータを取得することをWebスクレイピングといいます。ツール・プログラミングで
 2020-12-07 13:35:39,632 - DEBUG - the number of links  : 26
 2020-12-07 13:36:47,092 - DEBUG - params : {'q': 'webスクレイピング'}
 2020-12-07 13:36:47,102 - DEBUG - Starting new HTTPS connection (1): www.google.co.jp:443
 2020-12-07 13:36:47,389 - DEBUG - https://www.google.co.jp:443 "GET /search?q=web%E3%82%B9%E3%82%AF%E3%83%AC%E3%82%A4%E3%83%94%E3%83%B3%E3%82%B0 HTTP/1.1" 200 None
 2020-12-07 13:36:47,899 - DEBUG - res info : https://www.google.co.jp/search?q=web%E3%82%B9%E3%82%AF%E3%83%AC%E3%82%A4%E3%83%94%E3%83%B3%E3%82%B0
 2020-12-07 13:36:47,926 - DEBUG - res text : webスクレイピング - Google 検索GoogleGoogle×数秒たってもリダイレクトされない場合は、ここをクリックしてください。    すべて動画画像ニュース 地図 ショッピング 書籍 検索ツール    すべての言語すべての言語日本語のページを検索期間指定なし期間指定なし 1 時間以内 24 時間以内 1 週間以内 1 か月以内 1 年以内すべての結果すべての結果完全一致Webスクレイピング（Webデータ抽出、データスクレイピングとも呼ばれる）は、Webからデータを抽出し、Web上のデータをデータベースやスプレッドシートに格納・分析可能な構造化データへの変換するWeb技術です。 Webスクレイピング技術は、Webスクレーパー（Webクローラー）を構築するのによって実現されます。スクレイピングツール30選｜初心者でもWebデータを抽出できる ...www.octoparse.jp › blog › top-30-free-web-scraping-software強調スニペットについてWebスクレイピングとは？定義から応用までの説明 | Octoparsewww.octoparse.jp › blog › web-scrapingWebスクレイピングは、Webサイトから情報を抽出するコンピュータソフトウェア技術のことです。オンラインでの価格比較、気象データ監視、Web サイトの変更検出、研究、WebマッシュアップやWebデータの統合などさまざまな用途も ...ウェブスクレイピング - Wikipediaja.wikipedia.org › wiki › ウェブスクレイピングウェブスクレイピング（英: Web scraping）とは、ウェブサイトから情報を抽出するコンピュータソフトウェア技術のこと。ウェブ・クローラーあるいはウェブ・スパイダーとも呼ばれる。 通常このようなソフトウェアプログラムは低レベル ...
手法 · ボットを禁止するための ...データ収集を大幅に効率化する「スクレイピング」とは？ 手法や ...data.wingarc.com › 新着記事一覧 › データ活用2020/08/06 · 英単語のscraping（こすり、ひっかき）に由来し、特にWeb上から必要なデータを取得することをWebスクレイピングといいます。ツール・プログラミングで
 2020-12-07 13:36:47,932 - DEBUG - the number of links  : 14
 2020-12-07 13:38:56,290 - DEBUG - params : {'q': 'webスクレイピング'}
 2020-12-07 13:38:56,324 - DEBUG - Starting new HTTPS connection (1): www.google.co.jp:443
 2020-12-07 13:38:56,590 - DEBUG - https://www.google.co.jp:443 "GET /search?q=web%E3%82%B9%E3%82%AF%E3%83%AC%E3%82%A4%E3%83%94%E3%83%B3%E3%82%B0 HTTP/1.1" 200 None
 2020-12-07 13:38:57,051 - DEBUG - res info : https://www.google.co.jp/search?q=web%E3%82%B9%E3%82%AF%E3%83%AC%E3%82%A4%E3%83%94%E3%83%B3%E3%82%B0
 2020-12-07 13:38:57,083 - DEBUG - res text : webスクレイピング - Google 検索GoogleGoogle×数秒たってもリダイレクトされない場合は、ここをクリックしてください。    すべて動画画像ニュース 地図 ショッピング 書籍 検索ツール    すべての言語すべての言語日本語のページを検索期間指定なし期間指定なし 1 時間以内 24 時間以内 1 週間以内 1 か月以内 1 年以内すべての結果すべての結果完全一致Webスクレイピング（Webデータ抽出、データスクレイピングとも呼ばれる）は、Webからデータを抽出し、Web上のデータをデータベースやスプレッドシートに格納・分析可能な構造化データへの変換するWeb技術です。 Webスクレイピング技術は、Webスクレーパー（Webクローラー）を構築するのによって実現されます。スクレイピングツール30選｜初心者でもWebデータを抽出できる ...www.octoparse.jp › blog › top-30-free-web-scraping-software強調スニペットについてWebスクレイピングとは？定義から応用までの説明 | Octoparsewww.octoparse.jp › blog › web-scrapingWebスクレイピングは、Webサイトから情報を抽出するコンピュータソフトウェア技術のことです。オンラインでの価格比較、気象データ監視、Web サイトの変更検出、研究、WebマッシュアップやWebデータの統合などさまざまな用途も ...ウェブスクレイピング - Wikipediaja.wikipedia.org › wiki › ウェブスクレイピングウェブスクレイピング（英: Web scraping）とは、ウェブサイトから情報を抽出するコンピュータソフトウェア技術のこと。ウェブ・クローラーあるいはウェブ・スパイダーとも呼ばれる。 通常このようなソフトウェアプログラムは低レベル ...
手法 · ボットを禁止するための ...データ収集を大幅に効率化する「スクレイピング」とは？ 手法や ...data.wingarc.com › 新着記事一覧 › データ活用2020/08/06 · 英単語のscraping（こすり、ひっかき）に由来し、特にWeb上から必要なデータを取得することをWebスクレイピングといいます。ツール・プログラミングで
 2020-12-07 13:38:57,089 - DEBUG - the number of links  : 14
 2020-12-07 13:39:58,708 - DEBUG - params : {'q': 'webスクレイピング'}
 2020-12-07 13:39:58,718 - DEBUG - Starting new HTTPS connection (1): www.google.co.jp:443
 2020-12-07 13:39:58,925 - DEBUG - https://www.google.co.jp:443 "GET /search?q=web%E3%82%B9%E3%82%AF%E3%83%AC%E3%82%A4%E3%83%94%E3%83%B3%E3%82%B0 HTTP/1.1" 200 None
 2020-12-07 13:39:59,319 - DEBUG - res info : https://www.google.co.jp/search?q=web%E3%82%B9%E3%82%AF%E3%83%AC%E3%82%A4%E3%83%94%E3%83%B3%E3%82%B0
 2020-12-07 13:39:59,350 - DEBUG - res text : webスクレイピング - Google 検索GoogleGoogle×数秒たってもリダイレクトされない場合は、ここをクリックしてください。    すべて動画画像ニュース 地図 ショッピング 書籍 検索ツール    すべての言語すべての言語日本語のページを検索期間指定なし期間指定なし 1 時間以内 24 時間以内 1 週間以内 1 か月以内 1 年以内すべての結果すべての結果完全一致Webスクレイピング（Webデータ抽出、データスクレイピングとも呼ばれる）は、Webからデータを抽出し、Web上のデータをデータベースやスプレッドシートに格納・分析可能な構造化データへの変換するWeb技術です。 Webスクレイピング技術は、Webスクレーパー（Webクローラー）を構築するのによって実現されます。スクレイピングツール30選｜初心者でもWebデータを抽出できる ...www.octoparse.jp › blog › top-30-free-web-scraping-software強調スニペットについてWebスクレイピングとは？定義から応用までの説明 | Octoparsewww.octoparse.jp › blog › web-scrapingWebスクレイピングは、Webサイトから情報を抽出するコンピュータソフトウェア技術のことです。オンラインでの価格比較、気象データ監視、Web サイトの変更検出、研究、WebマッシュアップやWebデータの統合などさまざまな用途も ...ウェブスクレイピング - Wikipediaja.wikipedia.org › wiki › ウェブスクレイピングウェブスクレイピング（英: Web scraping）とは、ウェブサイトから情報を抽出するコンピュータソフトウェア技術のこと。ウェブ・クローラーあるいはウェブ・スパイダーとも呼ばれる。 通常このようなソフトウェアプログラムは低レベル ...
手法 · ボットを禁止するための ...データ収集を大幅に効率化する「スクレイピング」とは？ 手法や ...data.wingarc.com › 新着記事一覧 › データ活用2020/08/06 · 英単語のscraping（こすり、ひっかき）に由来し、特にWeb上から必要なデータを取得することをWebスクレイピングといいます。ツール・プログラミングで
 2020-12-07 13:39:59,356 - DEBUG - the number of links  : 14
 2020-12-07 13:44:53,213 - DEBUG - params : {'q': 'webスクレイピング'}
 2020-12-07 13:44:53,242 - DEBUG - Starting new HTTPS connection (1): www.google.co.jp:443
 2020-12-07 13:44:53,499 - DEBUG - https://www.google.co.jp:443 "GET /search?q=web%E3%82%B9%E3%82%AF%E3%83%AC%E3%82%A4%E3%83%94%E3%83%B3%E3%82%B0 HTTP/1.1" 200 None
 2020-12-07 13:44:53,920 - DEBUG - res info : https://www.google.co.jp/search?q=web%E3%82%B9%E3%82%AF%E3%83%AC%E3%82%A4%E3%83%94%E3%83%B3%E3%82%B0
 2020-12-07 13:44:53,947 - DEBUG - res text : webスクレイピング - Google 検索GoogleGoogle×数秒たってもリダイレクトされない場合は、ここをクリックしてください。    すべて動画画像ニュース 地図 ショッピング 書籍 検索ツール    すべての言語すべての言語日本語のページを検索期間指定なし期間指定なし 1 時間以内 24 時間以内 1 週間以内 1 か月以内 1 年以内すべての結果すべての結果完全一致Webスクレイピング（Webデータ抽出、データスクレイピングとも呼ばれる）は、Webからデータを抽出し、Web上のデータをデータベースやスプレッドシートに格納・分析可能な構造化データへの変換するWeb技術です。 Webスクレイピング技術は、Webスクレーパー（Webクローラー）を構築するのによって実現されます。スクレイピングツール30選｜初心者でもWebデータを抽出できる ...www.octoparse.jp › blog › top-30-free-web-scraping-software強調スニペットについてWebスクレイピングとは？定義から応用までの説明 | Octoparsewww.octoparse.jp › blog › web-scrapingWebスクレイピングは、Webサイトから情報を抽出するコンピュータソフトウェア技術のことです。オンラインでの価格比較、気象データ監視、Web サイトの変更検出、研究、WebマッシュアップやWebデータの統合などさまざまな用途も ...ウェブスクレイピング - Wikipediaja.wikipedia.org › wiki › ウェブスクレイピングウェブスクレイピング（英: Web scraping）とは、ウェブサイトから情報を抽出するコンピュータソフトウェア技術のこと。ウェブ・クローラーあるいはウェブ・スパイダーとも呼ばれる。 通常このようなソフトウェアプログラムは低レベル ...
手法 · ボットを禁止するための ...データ収集を大幅に効率化する「スクレイピング」とは？ 手法や ...data.wingarc.com › 新着記事一覧 › データ活用2020/08/06 · 英単語のscraping（こすり、ひっかき）に由来し、特にWeb上から必要なデータを取得することをWebスクレイピングといいます。ツール・プログラミングで
 2020-12-07 13:44:53,951 - DEBUG - the number of links  : 10
